# JRE version: OpenJDK Runtime Environment (17.0.7) (build 17.0.7+0-b2043.56-10550314)
# Java VM: OpenJDK 64-Bit Server VM (17.0.7+0-b2043.56-10550314, mixed mode, tiered, compressed oops, compressed class ptrs, g1 gc, windows-amd64)
GC Precious Log:
 CPUs: 4 total, 4 available
 Memory: 8097M
 Large Page Support: Disabled
 NUMA Support: Disabled
 Compressed Oops: Enabled (32-bit)
 Heap Region Size: 1M
 Heap Min Capacity: 8M
 Heap Initial Capacity: 128M
 Heap Max Capacity: 1536M
 Pre-touch: Disabled
 Parallel Workers: 4
 Concurrent Workers: 1
 Concurrent Refinement Workers: 4
 Periodic GC: Disabled
Heap:
 garbage-first heap   total 194560K, used 58444K [0x00000000a0000000, 0x0000000100000000)
  region size 1024K, 8 young (8192K), 1 survivors (1024K)
 Metaspace       used 57604K, committed 58176K, reserved 1114112K
  class space    used 7763K, committed 8000K, reserved 1048576K
GC Heap History (20 events):
Event: 8.711 GC heap before
{Heap before GC invocations=12 (full 0):
 garbage-first heap   total 78848K, used 60139K [0x00000000a0000000, 0x0000000100000000)
  region size 1024K, 31 young (31744K), 2 survivors (2048K)
 Metaspace       used 46401K, committed 46720K, reserved 1114112K
  class space    used 6092K, committed 6208K, reserved 1048576K
}
Event: 8.722 GC heap after
{Heap after GC invocations=13 (full 0):
 garbage-first heap   total 78848K, used 31546K [0x00000000a0000000, 0x0000000100000000)
  region size 1024K, 4 young (4096K), 4 survivors (4096K)
 Metaspace       used 46401K, committed 46720K, reserved 1114112K
  class space    used 6092K, committed 6208K, reserved 1048576K
}
Event: 9.527 GC heap before
{Heap before GC invocations=13 (full 0):
 garbage-first heap   total 78848K, used 60218K [0x00000000a0000000, 0x0000000100000000)
  region size 1024K, 32 young (32768K), 4 survivors (4096K)
 Metaspace       used 49420K, committed 49856K, reserved 1114112K
  class space    used 6497K, committed 6720K, reserved 1048576K
}
Event: 9.537 GC heap after
{Heap after GC invocations=14 (full 0):
 garbage-first heap   total 78848K, used 33986K [0x00000000a0000000, 0x0000000100000000)
  region size 1024K, 3 young (3072K), 3 survivors (3072K)
 Metaspace       used 49420K, committed 49856K, reserved 1114112K
  class space    used 6497K, committed 6720K, reserved 1048576K
}
Event: 10.052 GC heap before
{Heap before GC invocations=14 (full 0):
 garbage-first heap   total 78848K, used 62658K [0x00000000a0000000, 0x0000000100000000)
  region size 1024K, 29 young (29696K), 3 survivors (3072K)
 Metaspace       used 50372K, committed 50880K, reserved 1114112K
  class space    used 6617K, committed 6848K, reserved 1048576K
}
Event: 10.057 GC heap after
{Heap after GC invocations=15 (full 0):
 garbage-first heap   total 78848K, used 40954K [0x00000000a0000000, 0x0000000100000000)
  region size 1024K, 4 young (4096K), 4 survivors (4096K)
 Metaspace       used 50372K, committed 50880K, reserved 1114112K
  class space    used 6617K, committed 6848K, reserved 1048576K
}
Event: 10.058 GC heap before
{Heap before GC invocations=15 (full 0):
 garbage-first heap   total 78848K, used 40954K [0x00000000a0000000, 0x0000000100000000)
  region size 1024K, 5 young (5120K), 4 survivors (4096K)
 Metaspace       used 50372K, committed 50880K, reserved 1114112K
  class space    used 6617K, committed 6848K, reserved 1048576K
}
Event: 10.061 GC heap after
{Heap after GC invocations=16 (full 0):
 garbage-first heap   total 95232K, used 41325K [0x00000000a0000000, 0x0000000100000000)
  region size 1024K, 1 young (1024K), 1 survivors (1024K)
 Metaspace       used 50372K, committed 50880K, reserved 1114112K
  class space    used 6617K, committed 6848K, reserved 1048576K
}
Event: 10.076 GC heap before
{Heap before GC invocations=16 (full 0):
 garbage-first heap   total 95232K, used 45421K [0x00000000a0000000, 0x0000000100000000)
  region size 1024K, 3 young (3072K), 1 survivors (1024K)
 Metaspace       used 50372K, committed 50880K, reserved 1114112K
  class space    used 6617K, committed 6848K, reserved 1048576K
}
Event: 10.078 GC heap after
{Heap after GC invocations=17 (full 0):
 garbage-first heap   total 95232K, used 45645K [0x00000000a0000000, 0x0000000100000000)
  region size 1024K, 2 young (2048K), 2 survivors (2048K)
 Metaspace       used 50372K, committed 50880K, reserved 1114112K
  class space    used 6617K, committed 6848K, reserved 1048576K
}
Event: 10.431 GC heap before
{Heap before GC invocations=18 (full 0):
 garbage-first heap   total 95232K, used 64077K [0x00000000a0000000, 0x0000000100000000)
  region size 1024K, 18 young (18432K), 2 survivors (2048K)
 Metaspace       used 51464K, committed 51968K, reserved 1114112K
  class space    used 6840K, committed 7040K, reserved 1048576K
}
Event: 10.435 GC heap after
{Heap after GC invocations=19 (full 0):
 garbage-first heap   total 95232K, used 50247K [0x00000000a0000000, 0x0000000100000000)
  region size 1024K, 3 young (3072K), 3 survivors (3072K)
 Metaspace       used 51464K, committed 51968K, reserved 1114112K
  class space    used 6840K, committed 7040K, reserved 1048576K
}
Event: 10.614 GC heap before
{Heap before GC invocations=19 (full 0):
 garbage-first heap   total 95232K, used 63559K [0x00000000a0000000, 0x0000000100000000)
  region size 1024K, 17 young (17408K), 3 survivors (3072K)
 Metaspace       used 52219K, committed 52736K, reserved 1114112K
  class space    used 6969K, committed 7168K, reserved 1048576K
}
Event: 10.618 GC heap after
{Heap after GC invocations=20 (full 0):
 garbage-first heap   total 95232K, used 50714K [0x00000000a0000000, 0x0000000100000000)
  region size 1024K, 1 young (1024K), 1 survivors (1024K)
 Metaspace       used 52219K, committed 52736K, reserved 1114112K
  class space    used 6969K, committed 7168K, reserved 1048576K
}
Event: 11.056 GC heap before
{Heap before GC invocations=21 (full 0):
 garbage-first heap   total 95232K, used 67098K [0x00000000a0000000, 0x0000000100000000)
  region size 1024K, 17 young (17408K), 1 survivors (1024K)
 Metaspace       used 54970K, committed 55488K, reserved 1114112K
  class space    used 7386K, committed 7616K, reserved 1048576K
}
Event: 11.061 GC heap after
{Heap after GC invocations=22 (full 0):
 garbage-first heap   total 95232K, used 51606K [0x00000000a0000000, 0x0000000100000000)
  region size 1024K, 2 young (2048K), 2 survivors (2048K)
 Metaspace       used 54970K, committed 55488K, reserved 1114112K
  class space    used 7386K, committed 7616K, reserved 1048576K
}
Event: 11.100 GC heap before
{Heap before GC invocations=22 (full 0):
 garbage-first heap   total 95232K, used 53654K [0x00000000a0000000, 0x0000000100000000)
  region size 1024K, 4 young (4096K), 2 survivors (2048K)
 Metaspace       used 55139K, committed 55616K, reserved 1114112K
  class space    used 7416K, committed 7616K, reserved 1048576K
}
Event: 11.105 GC heap after
{Heap after GC invocations=23 (full 0):
 garbage-first heap   total 95232K, used 51761K [0x00000000a0000000, 0x0000000100000000)
  region size 1024K, 1 young (1024K), 1 survivors (1024K)
 Metaspace       used 55139K, committed 55616K, reserved 1114112K
  class space    used 7416K, committed 7616K, reserved 1048576K
}
Event: 11.435 GC heap before
{Heap before GC invocations=23 (full 0):
 garbage-first heap   total 95232K, used 68145K [0x00000000a0000000, 0x0000000100000000)
  region size 1024K, 18 young (18432K), 1 survivors (1024K)
 Metaspace       used 56861K, committed 57408K, reserved 1114112K
  class space    used 7660K, committed 7872K, reserved 1048576K
}
Event: 11.440 GC heap after
{Heap after GC invocations=24 (full 0):
 garbage-first heap   total 235520K, used 52300K [0x00000000a0000000, 0x0000000100000000)
  region size 1024K, 1 young (1024K), 1 survivors (1024K)
 Metaspace       used 56861K, committed 57408K, reserved 1114112K
  class space    used 7660K, committed 7872K, reserved 1048576K
}

