# JRE version: OpenJDK Runtime Environment (17.0.7) (build 17.0.7+0-b2043.56-10550314)
# Java VM: OpenJDK 64-Bit Server VM (17.0.7+0-b2043.56-10550314, mixed mode, tiered, compressed oops, compressed class ptrs, g1 gc, windows-amd64)
GC Precious Log:
 CPUs: 4 total, 4 available
 Memory: 8097M
 Large Page Support: Disabled
 NUMA Support: Disabled
 Compressed Oops: Enabled (32-bit)
 Heap Region Size: 1M
 Heap Min Capacity: 8M
 Heap Initial Capacity: 128M
 Heap Max Capacity: 1536M
 Pre-touch: Disabled
 Parallel Workers: 4
 Concurrent Workers: 1
 Concurrent Refinement Workers: 4
 Periodic GC: Disabled
Heap:
 garbage-first heap   total 97280K, used 70896K [0x00000000a0000000, 0x0000000100000000)
  region size 1024K, 12 young (12288K), 3 survivors (3072K)
 Metaspace       used 72699K, committed 73280K, reserved 1114112K
  class space    used 9856K, committed 10112K, reserved 1048576K
GC Heap History (20 events):
Event: 89.001 GC heap before
{Heap before GC invocations=32 (full 0):
 garbage-first heap   total 96256K, used 58958K [0x00000000a0000000, 0x0000000100000000)
  region size 1024K, 10 young (10240K), 1 survivors (1024K)
 Metaspace       used 51777K, committed 52224K, reserved 1114112K
  class space    used 6881K, committed 7104K, reserved 1048576K
}
Event: 89.004 GC heap after
{Heap after GC invocations=33 (full 0):
 garbage-first heap   total 96256K, used 50003K [0x00000000a0000000, 0x0000000100000000)
  region size 1024K, 1 young (1024K), 1 survivors (1024K)
 Metaspace       used 51777K, committed 52224K, reserved 1114112K
  class space    used 6881K, committed 7104K, reserved 1048576K
}
Event: 91.068 GC heap before
{Heap before GC invocations=33 (full 0):
 garbage-first heap   total 96256K, used 66387K [0x00000000a0000000, 0x0000000100000000)
  region size 1024K, 17 young (17408K), 1 survivors (1024K)
 Metaspace       used 54568K, committed 55040K, reserved 1114112K
  class space    used 7310K, committed 7488K, reserved 1048576K
}
Event: 91.077 GC heap after
{Heap after GC invocations=34 (full 0):
 garbage-first heap   total 96256K, used 50848K [0x00000000a0000000, 0x0000000100000000)
  region size 1024K, 2 young (2048K), 2 survivors (2048K)
 Metaspace       used 54568K, committed 55040K, reserved 1114112K
  class space    used 7310K, committed 7488K, reserved 1048576K
}
Event: 92.973 GC heap before
{Heap before GC invocations=35 (full 0):
 garbage-first heap   total 96256K, used 67232K [0x00000000a0000000, 0x0000000100000000)
  region size 1024K, 19 young (19456K), 2 survivors (2048K)
 Metaspace       used 56224K, committed 56704K, reserved 1114112K
  class space    used 7556K, committed 7744K, reserved 1048576K
}
Event: 92.981 GC heap after
{Heap after GC invocations=36 (full 0):
 garbage-first heap   total 96256K, used 51747K [0x00000000a0000000, 0x0000000100000000)
  region size 1024K, 3 young (3072K), 3 survivors (3072K)
 Metaspace       used 56224K, committed 56704K, reserved 1114112K
  class space    used 7556K, committed 7744K, reserved 1048576K
}
Event: 93.291 GC heap before
{Heap before GC invocations=36 (full 0):
 garbage-first heap   total 96256K, used 70179K [0x00000000a0000000, 0x0000000100000000)
  region size 1024K, 21 young (21504K), 3 survivors (3072K)
 Metaspace       used 58390K, committed 58880K, reserved 1114112K
  class space    used 7864K, committed 8064K, reserved 1048576K
}
Event: 93.296 GC heap after
{Heap after GC invocations=37 (full 0):
 garbage-first heap   total 96256K, used 52104K [0x00000000a0000000, 0x0000000100000000)
  region size 1024K, 2 young (2048K), 2 survivors (2048K)
 Metaspace       used 58390K, committed 58880K, reserved 1114112K
  class space    used 7864K, committed 8064K, reserved 1048576K
}
Event: 95.032 GC heap before
{Heap before GC invocations=38 (full 0):
 garbage-first heap   total 97280K, used 71560K [0x00000000a0000000, 0x0000000100000000)
  region size 1024K, 22 young (22528K), 2 survivors (2048K)
 Metaspace       used 60274K, committed 60736K, reserved 1114112K
  class space    used 8145K, committed 8384K, reserved 1048576K
}
Event: 95.042 GC heap after
{Heap after GC invocations=39 (full 0):
 garbage-first heap   total 97280K, used 52796K [0x00000000a0000000, 0x0000000100000000)
  region size 1024K, 2 young (2048K), 2 survivors (2048K)
 Metaspace       used 60274K, committed 60736K, reserved 1114112K
  class space    used 8145K, committed 8384K, reserved 1048576K
}
Event: 97.168 GC heap before
{Heap before GC invocations=39 (full 0):
 garbage-first heap   total 97280K, used 75324K [0x00000000a0000000, 0x0000000100000000)
  region size 1024K, 24 young (24576K), 2 survivors (2048K)
 Metaspace       used 62316K, committed 62848K, reserved 1114112K
  class space    used 8478K, committed 8704K, reserved 1048576K
}
Event: 97.174 GC heap after
{Heap after GC invocations=40 (full 0):
 garbage-first heap   total 97280K, used 53920K [0x00000000a0000000, 0x0000000100000000)
  region size 1024K, 3 young (3072K), 3 survivors (3072K)
 Metaspace       used 62316K, committed 62848K, reserved 1114112K
  class space    used 8478K, committed 8704K, reserved 1048576K
}
Event: 102.676 GC heap before
{Heap before GC invocations=41 (full 0):
 garbage-first heap   total 97280K, used 76448K [0x00000000a0000000, 0x0000000100000000)
  region size 1024K, 25 young (25600K), 3 survivors (3072K)
 Metaspace       used 64582K, committed 65216K, reserved 1114112K
  class space    used 8873K, committed 9152K, reserved 1048576K
}
Event: 102.708 GC heap after
{Heap after GC invocations=42 (full 0):
 garbage-first heap   total 97280K, used 55762K [0x00000000a0000000, 0x0000000100000000)
  region size 1024K, 4 young (4096K), 4 survivors (4096K)
 Metaspace       used 64582K, committed 65216K, reserved 1114112K
  class space    used 8873K, committed 9152K, reserved 1048576K
}
Event: 105.840 GC heap before
{Heap before GC invocations=42 (full 0):
 garbage-first heap   total 97280K, used 78290K [0x00000000a0000000, 0x0000000100000000)
  region size 1024K, 26 young (26624K), 4 survivors (4096K)
 Metaspace       used 67323K, committed 67840K, reserved 1114112K
  class space    used 9228K, committed 9472K, reserved 1048576K
}
Event: 105.867 GC heap after
{Heap after GC invocations=43 (full 0):
 garbage-first heap   total 97280K, used 56693K [0x00000000a0000000, 0x0000000100000000)
  region size 1024K, 3 young (3072K), 3 survivors (3072K)
 Metaspace       used 67323K, committed 67840K, reserved 1114112K
  class space    used 9228K, committed 9472K, reserved 1048576K
}
Event: 108.554 GC heap before
{Heap before GC invocations=44 (full 0):
 garbage-first heap   total 97280K, used 79221K [0x00000000a0000000, 0x0000000100000000)
  region size 1024K, 25 young (25600K), 3 survivors (3072K)
 Metaspace       used 70875K, committed 71424K, reserved 1114112K
  class space    used 9652K, committed 9920K, reserved 1048576K
}
Event: 108.564 GC heap after
{Heap after GC invocations=45 (full 0):
 garbage-first heap   total 97280K, used 57438K [0x00000000a0000000, 0x0000000100000000)
  region size 1024K, 2 young (2048K), 2 survivors (2048K)
 Metaspace       used 70875K, committed 71424K, reserved 1114112K
  class space    used 9652K, committed 9920K, reserved 1048576K
}
Event: 109.697 GC heap before
{Heap before GC invocations=45 (full 0):
 garbage-first heap   total 97280K, used 65630K [0x00000000a0000000, 0x0000000100000000)
  region size 1024K, 12 young (12288K), 2 survivors (2048K)
 Metaspace       used 72696K, committed 73280K, reserved 1114112K
  class space    used 9856K, committed 10112K, reserved 1048576K
}
Event: 109.707 GC heap after
{Heap after GC invocations=46 (full 0):
 garbage-first heap   total 97280K, used 58608K [0x00000000a0000000, 0x0000000100000000)
  region size 1024K, 3 young (3072K), 3 survivors (3072K)
 Metaspace       used 72696K, committed 73280K, reserved 1114112K
  class space    used 9856K, committed 10112K, reserved 1048576K
}

