# JRE version: OpenJDK Runtime Environment (17.0.7) (build 17.0.7+0-b2043.56-10550314)
# Java VM: OpenJDK 64-Bit Server VM (17.0.7+0-b2043.56-10550314, mixed mode, tiered, compressed oops, compressed class ptrs, g1 gc, windows-amd64)
GC Precious Log:
 CPUs: 4 total, 4 available
 Memory: 8097M
 Large Page Support: Disabled
 NUMA Support: Disabled
 Compressed Oops: Enabled (32-bit)
 Heap Region Size: 1M
 Heap Min Capacity: 8M
 Heap Initial Capacity: 128M
 Heap Max Capacity: 1536M
 Pre-touch: Disabled
 Parallel Workers: 4
 Concurrent Workers: 1
 Concurrent Refinement Workers: 4
 Periodic GC: Disabled
Heap:
 garbage-first heap   total 217088K, used 128282K [0x00000000a0000000, 0x0000000100000000)
  region size 1024K, 3 young (3072K), 2 survivors (2048K)
 Metaspace       used 100910K, committed 101888K, reserved 1179648K
  class space    used 13926K, committed 14336K, reserved 1048576K
GC Heap History (20 events):
Event: 50.743 GC heap before
{Heap before GC invocations=36 (full 0):
 garbage-first heap   total 150528K, used 108498K [0x00000000a0000000, 0x0000000100000000)
  region size 1024K, 34 young (34816K), 5 survivors (5120K)
 Metaspace       used 88440K, committed 89216K, reserved 1179648K
  class space    used 12179K, committed 12480K, reserved 1048576K
}
Event: 50.758 GC heap after
{Heap after GC invocations=37 (full 0):
 garbage-first heap   total 150528K, used 83221K [0x00000000a0000000, 0x0000000100000000)
  region size 1024K, 3 young (3072K), 3 survivors (3072K)
 Metaspace       used 88440K, committed 89216K, reserved 1179648K
  class space    used 12179K, committed 12480K, reserved 1048576K
}
Event: 51.957 GC heap before
{Heap before GC invocations=37 (full 0):
 garbage-first heap   total 150528K, used 126229K [0x00000000a0000000, 0x0000000100000000)
  region size 1024K, 42 young (43008K), 3 survivors (3072K)
 Metaspace       used 90096K, committed 90880K, reserved 1179648K
  class space    used 12452K, committed 12800K, reserved 1048576K
}
Event: 51.971 GC heap after
{Heap after GC invocations=38 (full 0):
 garbage-first heap   total 150528K, used 94208K [0x00000000a0000000, 0x0000000100000000)
  region size 1024K, 6 young (6144K), 6 survivors (6144K)
 Metaspace       used 90096K, committed 90880K, reserved 1179648K
  class space    used 12452K, committed 12800K, reserved 1048576K
}
Event: 52.943 GC heap before
{Heap before GC invocations=38 (full 0):
 garbage-first heap   total 150528K, used 121856K [0x00000000a0000000, 0x0000000100000000)
  region size 1024K, 34 young (34816K), 6 survivors (6144K)
 Metaspace       used 90615K, committed 91456K, reserved 1179648K
  class space    used 12499K, committed 12864K, reserved 1048576K
}
Event: 52.961 GC heap after
{Heap after GC invocations=39 (full 0):
 garbage-first heap   total 150528K, used 99785K [0x00000000a0000000, 0x0000000100000000)
  region size 1024K, 5 young (5120K), 5 survivors (5120K)
 Metaspace       used 90615K, committed 91456K, reserved 1179648K
  class space    used 12499K, committed 12864K, reserved 1048576K
}
Event: 55.235 GC heap before
{Heap before GC invocations=40 (full 0):
 garbage-first heap   total 181248K, used 123337K [0x00000000a0000000, 0x0000000100000000)
  region size 1024K, 29 young (29696K), 5 survivors (5120K)
 Metaspace       used 90831K, committed 91648K, reserved 1179648K
  class space    used 12519K, committed 12864K, reserved 1048576K
}
Event: 55.247 GC heap after
{Heap after GC invocations=41 (full 0):
 garbage-first heap   total 181248K, used 102083K [0x00000000a0000000, 0x0000000100000000)
  region size 1024K, 3 young (3072K), 3 survivors (3072K)
 Metaspace       used 90831K, committed 91648K, reserved 1179648K
  class space    used 12519K, committed 12864K, reserved 1048576K
}
Event: 56.390 GC heap before
{Heap before GC invocations=41 (full 0):
 garbage-first heap   total 181248K, used 140995K [0x00000000a0000000, 0x0000000100000000)
  region size 1024K, 41 young (41984K), 3 survivors (3072K)
 Metaspace       used 94100K, committed 94976K, reserved 1179648K
  class space    used 13040K, committed 13440K, reserved 1048576K
}
Event: 56.404 GC heap after
{Heap after GC invocations=42 (full 0):
 garbage-first heap   total 181248K, used 106979K [0x00000000a0000000, 0x0000000100000000)
  region size 1024K, 6 young (6144K), 6 survivors (6144K)
 Metaspace       used 94100K, committed 94976K, reserved 1179648K
  class space    used 13040K, committed 13440K, reserved 1048576K
}
Event: 58.604 GC heap before
{Heap before GC invocations=42 (full 0):
 garbage-first heap   total 181248K, used 144867K [0x00000000a0000000, 0x0000000100000000)
  region size 1024K, 43 young (44032K), 6 survivors (6144K)
 Metaspace       used 97999K, committed 98880K, reserved 1179648K
  class space    used 13527K, committed 13888K, reserved 1048576K
}
Event: 58.621 GC heap after
{Heap after GC invocations=43 (full 0):
 garbage-first heap   total 181248K, used 111272K [0x00000000a0000000, 0x0000000100000000)
  region size 1024K, 4 young (4096K), 4 survivors (4096K)
 Metaspace       used 97999K, committed 98880K, reserved 1179648K
  class space    used 13527K, committed 13888K, reserved 1048576K
}
Event: 59.513 GC heap before
{Heap before GC invocations=43 (full 0):
 garbage-first heap   total 181248K, used 146088K [0x00000000a0000000, 0x0000000100000000)
  region size 1024K, 39 young (39936K), 4 survivors (4096K)
 Metaspace       used 99160K, committed 100096K, reserved 1179648K
  class space    used 13674K, committed 14080K, reserved 1048576K
}
Event: 59.537 GC heap after
{Heap after GC invocations=44 (full 0):
 garbage-first heap   total 181248K, used 118760K [0x00000000a0000000, 0x0000000100000000)
  region size 1024K, 5 young (5120K), 5 survivors (5120K)
 Metaspace       used 99160K, committed 100096K, reserved 1179648K
  class space    used 13674K, committed 14080K, reserved 1048576K
}
Event: 59.860 GC heap before
{Heap before GC invocations=44 (full 0):
 garbage-first heap   total 181248K, used 147432K [0x00000000a0000000, 0x0000000100000000)
  region size 1024K, 33 young (33792K), 5 survivors (5120K)
 Metaspace       used 99773K, committed 100672K, reserved 1179648K
  class space    used 13750K, committed 14144K, reserved 1048576K
}
Event: 59.880 GC heap after
{Heap after GC invocations=45 (full 0):
 garbage-first heap   total 181248K, used 123163K [0x00000000a0000000, 0x0000000100000000)
  region size 1024K, 4 young (4096K), 4 survivors (4096K)
 Metaspace       used 99773K, committed 100672K, reserved 1179648K
  class space    used 13750K, committed 14144K, reserved 1048576K
}
Event: 60.486 GC heap before
{Heap before GC invocations=45 (full 0):
 garbage-first heap   total 181248K, used 148763K [0x00000000a0000000, 0x0000000100000000)
  region size 1024K, 30 young (30720K), 4 survivors (4096K)
 Metaspace       used 100474K, committed 101440K, reserved 1179648K
  class space    used 13852K, committed 14272K, reserved 1048576K
}
Event: 60.499 GC heap after
{Heap after GC invocations=46 (full 0):
 garbage-first heap   total 181248K, used 126604K [0x00000000a0000000, 0x0000000100000000)
  region size 1024K, 4 young (4096K), 4 survivors (4096K)
 Metaspace       used 100474K, committed 101440K, reserved 1179648K
  class space    used 13852K, committed 14272K, reserved 1048576K
}
Event: 60.814 GC heap before
{Heap before GC invocations=46 (full 0):
 garbage-first heap   total 181248K, used 149132K [0x00000000a0000000, 0x0000000100000000)
  region size 1024K, 27 young (27648K), 4 survivors (4096K)
 Metaspace       used 100802K, committed 101760K, reserved 1179648K
  class space    used 13914K, committed 14336K, reserved 1048576K
}
Event: 60.825 GC heap after
{Heap after GC invocations=47 (full 0):
 garbage-first heap   total 181248K, used 128282K [0x00000000a0000000, 0x0000000100000000)
  region size 1024K, 2 young (2048K), 2 survivors (2048K)
 Metaspace       used 100802K, committed 101760K, reserved 1179648K
  class space    used 13914K, committed 14336K, reserved 1048576K
}

