# JRE version: OpenJDK Runtime Environment (17.0.7) (build 17.0.7+0-b2043.56-10550314)
# Java VM: OpenJDK 64-Bit Server VM (17.0.7+0-b2043.56-10550314, mixed mode, tiered, compressed oops, compressed class ptrs, g1 gc, windows-amd64)
GC Precious Log:
 CPUs: 4 total, 4 available
 Memory: 8097M
 Large Page Support: Disabled
 NUMA Support: Disabled
 Compressed Oops: Enabled (32-bit)
 Heap Region Size: 1M
 Heap Min Capacity: 8M
 Heap Initial Capacity: 128M
 Heap Max Capacity: 1536M
 Pre-touch: Disabled
 Parallel Workers: 4
 Concurrent Workers: 1
 Concurrent Refinement Workers: 4
 Periodic GC: Disabled
Heap:
 garbage-first heap   total 457728K, used 247105K [0x00000000a0000000, 0x0000000100000000)
  region size 1024K, 7 young (7168K), 7 survivors (7168K)
 Metaspace       used 136588K, committed 137856K, reserved 1179648K
  class space    used 18519K, committed 19136K, reserved 1048576K
GC Heap History (20 events):
Event: 319.946 GC heap after
{Heap after GC invocations=83 (full 0):
 garbage-first heap   total 414720K, used 163991K [0x00000000a0000000, 0x0000000100000000)
  region size 1024K, 2 young (2048K), 2 survivors (2048K)
 Metaspace       used 108349K, committed 109440K, reserved 1179648K
  class space    used 14779K, committed 15232K, reserved 1048576K
}
Event: 340.018 GC heap before
{Heap before GC invocations=83 (full 0):
 garbage-first heap   total 414720K, used 316567K [0x00000000a0000000, 0x0000000100000000)
  region size 1024K, 153 young (156672K), 2 survivors (2048K)
 Metaspace       used 120341K, committed 121536K, reserved 1179648K
  class space    used 16597K, committed 17088K, reserved 1048576K
}
Event: 340.046 GC heap after
{Heap after GC invocations=84 (full 0):
 garbage-first heap   total 414720K, used 174733K [0x00000000a0000000, 0x0000000100000000)
  region size 1024K, 12 young (12288K), 12 survivors (12288K)
 Metaspace       used 120341K, committed 121536K, reserved 1179648K
  class space    used 16597K, committed 17088K, reserved 1048576K
}
Event: 372.473 GC heap before
{Heap before GC invocations=85 (full 0):
 garbage-first heap   total 414720K, used 337549K [0x00000000a0000000, 0x0000000100000000)
  region size 1024K, 171 young (175104K), 12 survivors (12288K)
 Metaspace       used 121808K, committed 122944K, reserved 1179648K
  class space    used 16771K, committed 17280K, reserved 1048576K
}
Event: 372.497 GC heap after
{Heap after GC invocations=86 (full 0):
 garbage-first heap   total 414720K, used 175716K [0x00000000a0000000, 0x0000000100000000)
  region size 1024K, 12 young (12288K), 12 survivors (12288K)
 Metaspace       used 121808K, committed 122944K, reserved 1179648K
  class space    used 16771K, committed 17280K, reserved 1048576K
}
Event: 372.519 GC heap before
{Heap before GC invocations=86 (full 0):
 garbage-first heap   total 414720K, used 182884K [0x00000000a0000000, 0x0000000100000000)
  region size 1024K, 20 young (20480K), 12 survivors (12288K)
 Metaspace       used 121809K, committed 122944K, reserved 1179648K
  class space    used 16771K, committed 17280K, reserved 1048576K
}
Event: 372.540 GC heap after
{Heap after GC invocations=87 (full 0):
 garbage-first heap   total 414720K, used 175691K [0x00000000a0000000, 0x0000000100000000)
  region size 1024K, 2 young (2048K), 2 survivors (2048K)
 Metaspace       used 121809K, committed 122944K, reserved 1179648K
  class space    used 16771K, committed 17280K, reserved 1048576K
}
Event: 374.530 GC heap before
{Heap before GC invocations=87 (full 0):
 garbage-first heap   total 414720K, used 215627K [0x00000000a0000000, 0x0000000100000000)
  region size 1024K, 43 young (44032K), 2 survivors (2048K)
 Metaspace       used 128391K, committed 129536K, reserved 1179648K
  class space    used 17613K, committed 18112K, reserved 1048576K
}
Event: 374.536 GC heap after
{Heap after GC invocations=88 (full 0):
 garbage-first heap   total 414720K, used 177315K [0x00000000a0000000, 0x0000000100000000)
  region size 1024K, 4 young (4096K), 4 survivors (4096K)
 Metaspace       used 128391K, committed 129536K, reserved 1179648K
  class space    used 17613K, committed 18112K, reserved 1048576K
}
Event: 389.235 GC heap before
{Heap before GC invocations=89 (full 0):
 garbage-first heap   total 414720K, used 354467K [0x00000000a0000000, 0x0000000100000000)
  region size 1024K, 162 young (165888K), 4 survivors (4096K)
 Metaspace       used 131029K, committed 132288K, reserved 1179648K
  class space    used 17965K, committed 18560K, reserved 1048576K
}
Event: 389.277 GC heap after
{Heap after GC invocations=90 (full 0):
 garbage-first heap   total 414720K, used 190655K [0x00000000a0000000, 0x0000000100000000)
  region size 1024K, 13 young (13312K), 13 survivors (13312K)
 Metaspace       used 131029K, committed 132288K, reserved 1179648K
  class space    used 17965K, committed 18560K, reserved 1048576K
}
Event: 389.951 GC heap before
{Heap before GC invocations=90 (full 0):
 garbage-first heap   total 414720K, used 197823K [0x00000000a0000000, 0x0000000100000000)
  region size 1024K, 20 young (20480K), 13 survivors (13312K)
 Metaspace       used 131030K, committed 132288K, reserved 1179648K
  class space    used 17965K, committed 18560K, reserved 1048576K
}
Event: 389.969 GC heap after
{Heap after GC invocations=91 (full 0):
 garbage-first heap   total 414720K, used 188966K [0x00000000a0000000, 0x0000000100000000)
  region size 1024K, 3 young (3072K), 3 survivors (3072K)
 Metaspace       used 131030K, committed 132288K, reserved 1179648K
  class space    used 17965K, committed 18560K, reserved 1048576K
}
Event: 405.537 GC heap before
{Heap before GC invocations=91 (full 0):
 garbage-first heap   total 414720K, used 338470K [0x00000000a0000000, 0x0000000100000000)
  region size 1024K, 150 young (153600K), 3 survivors (3072K)
 Metaspace       used 133101K, committed 134336K, reserved 1179648K
  class space    used 18266K, committed 18816K, reserved 1048576K
}
Event: 405.591 GC heap after
{Heap after GC invocations=92 (full 0):
 garbage-first heap   total 414720K, used 224129K [0x00000000a0000000, 0x0000000100000000)
  region size 1024K, 19 young (19456K), 19 survivors (19456K)
 Metaspace       used 133101K, committed 134336K, reserved 1179648K
  class space    used 18266K, committed 18816K, reserved 1048576K
}
Event: 407.427 GC heap before
{Heap before GC invocations=93 (full 0):
 garbage-first heap   total 457728K, used 327553K [0x00000000a0000000, 0x0000000100000000)
  region size 1024K, 120 young (122880K), 19 survivors (19456K)
 Metaspace       used 135931K, committed 137152K, reserved 1179648K
  class space    used 18512K, committed 19072K, reserved 1048576K
}
Event: 407.470 GC heap after
{Heap after GC invocations=94 (full 0):
 garbage-first heap   total 457728K, used 241152K [0x00000000a0000000, 0x0000000100000000)
  region size 1024K, 15 young (15360K), 15 survivors (15360K)
 Metaspace       used 135931K, committed 137152K, reserved 1179648K
  class space    used 18512K, committed 19072K, reserved 1048576K
}
Event: 407.570 GC heap before
{Heap before GC invocations=94 (full 0):
 garbage-first heap   total 457728K, used 248320K [0x00000000a0000000, 0x0000000100000000)
  region size 1024K, 22 young (22528K), 15 survivors (15360K)
 Metaspace       used 136090K, committed 137344K, reserved 1179648K
  class space    used 18512K, committed 19072K, reserved 1048576K
}
Event: 407.604 GC heap after
{Heap after GC invocations=95 (full 0):
 garbage-first heap   total 457728K, used 242176K [0x00000000a0000000, 0x0000000100000000)
  region size 1024K, 2 young (2048K), 2 survivors (2048K)
 Metaspace       used 136090K, committed 137344K, reserved 1179648K
  class space    used 18512K, committed 19072K, reserved 1048576K
}
Event: 408.343 GC heap before
{Heap before GC invocations=95 (full 0):
 garbage-first heap   total 457728K, used 351744K [0x00000000a0000000, 0x0000000100000000)
  region size 1024K, 111 young (113664K), 2 survivors (2048K)
 Metaspace       used 136588K, committed 137856K, reserved 1179648K
  class space    used 18519K, committed 19136K, reserved 1048576K
}

